<?xml version="1.0" encoding="UTF-8"?>
<!-- Generated by org.testng.reporters.JUnitReportReporter -->
<testsuite hostname="DESKTOP-H0CI39M" failures="0" tests="1" name="SauceDemo.TestCase" time="6.766" errors="0" timestamp="2024-08-27T10:22:42 IST" skipped="0">
  <testcase classname="SauceDemo.TestCase" name="LoginDemo" time="6.766"/>
</testsuite> <!-- SauceDemo.TestCase -->
