<?xml version="1.0" encoding="UTF-8"?>
<!-- Generated by org.testng.reporters.JUnitReportReporter -->
<testsuite hostname="DESKTOP-H0CI39M" failures="0" tests="1" name="Day1.LoginTestCase" time="0.020" errors="0" timestamp="2024-08-24T17:43:38 IST" skipped="0">
  <testcase classname="Day1.LoginTestCase" name="loginTest" time="0.020"/>
</testsuite> <!-- Day1.LoginTestCase -->
